clang -target x86_64-unknown-none-elf -ffreestanding -fno-stack-protector -fno-pic -mno-red-zone -c src/kernel/arch/x86_64/boot.s -o build/m9/boot.o
clang: warning: argument unused during compilation: '-ffreestanding' [-Wunused-command-line-argument]
clang: warning: argument unused during compilation: '-fno-stack-protector' [-Wunused-command-line-argument]
clang: warning: argument unused during compilation: '-mno-red-zone' [-Wunused-command-line-argument]
clang -target x86_64-unknown-none-elf -std=c17 -ffreestanding -fno-stack-protector -fno-pic -mno-red-zone -Wall -Wextra -Werror -Iinclude -Ikernel/arch/x86_64/include -Imcsos -I. -c src/kernel/arch/x86_64/idt.c   -o build/m9/idt_src.o
clang -target x86_64-unknown-none-elf -ffreestanding -fno-stack-protector -fno-pic -mno-red-zone -c src/kernel/arch/x86_64/isr.s -o build/m9/isr.o
clang: warning: argument unused during compilation: '-ffreestanding' [-Wunused-command-line-argument]
clang: warning: argument unused during compilation: '-fno-stack-protector' [-Wunused-command-line-argument]
clang: warning: argument unused during compilation: '-mno-red-zone' [-Wunused-command-line-argument]
clang -target x86_64-unknown-none-elf -std=c17 -ffreestanding -fno-stack-protector -fno-pic -mno-red-zone -Wall -Wextra -Werror -Iinclude -Ikernel/arch/x86_64/include -Imcsos -I. -c src/kernel/arch/x86_64/stubs.c -o build/m9/stubs.o
clang -target x86_64-unknown-none-elf -std=c17 -ffreestanding -fno-stack-protector -fno-pic -mno-red-zone -Wall -Wextra -Werror -Iinclude -Ikernel/arch/x86_64/include -Imcsos -I. -c src/kernel/arch/x86_64/trap.c  -o build/m9/trap_src.o
clang -target x86_64-unknown-none-elf -std=c17 -ffreestanding -fno-stack-protector -fno-pic -mno-red-zone -Wall -Wextra -Werror -Iinclude -Ikernel/arch/x86_64/include -Imcsos -I. -c kernel/arch/x86_64/idt.c       -o build/m9/idt_kern.o
clang -target x86_64-unknown-none-elf -std=c17 -ffreestanding -fno-stack-protector -fno-pic -mno-red-zone -Wall -Wextra -Werror -Iinclude -Ikernel/arch/x86_64/include -Imcsos -I. -c kernel/core/trap.c             -o build/m9/trap_kern.o
clang -target x86_64-unknown-none-elf -std=c17 -ffreestanding -fno-stack-protector -fno-pic -mno-red-zone -Wall -Wextra -Werror -Iinclude -Ikernel/arch/x86_64/include -Imcsos -I. -DMCSOS_HOST_TEST -c kernel/kmain.c -o build/m9/kmain.o
clang -target x86_64-unknown-none-elf -std=c17 -ffreestanding -fno-stack-protector -fno-pic -mno-red-zone -Wall -Wextra -Werror -Iinclude -Ikernel/arch/x86_64/include -Imcsos -I. -DMCSOS_HOST_TEST -c kernel/mcsos_thread.c -o build/m9/mcsos_thread.o
clang -target x86_64-unknown-none-elf -ffreestanding -fno-stack-protector -fno-pic -mno-red-zone -c arch/x86_64/context_switch.S -o build/m9/context_switch.o
clang -target x86_64-unknown-none-elf -ffreestanding -fno-stack-protector -fno-pic -mno-red-zone -c kernel/arch/x86_64/isr.S -o build/m9/isr_kern.o
clang -target x86_64-unknown-none-elf -std=c17 -ffreestanding -fno-stack-protector -fno-pic -mno-red-zone -Wall -Wextra -Werror -Iinclude -Ikernel/arch/x86_64/include -Imcsos -I. -I. -c kernel/sync/lockdep.c  -o build/m9/lockdep.o
clang -target x86_64-unknown-none-elf -std=c17 -ffreestanding -fno-stack-protector -fno-pic -mno-red-zone -Wall -Wextra -Werror -Iinclude -Ikernel/arch/x86_64/include -Imcsos -I. -I. -c kernel/sync/spinlock.c -o build/m9/spinlock.o
clang -target x86_64-unknown-none-elf -std=c17 -ffreestanding -fno-stack-protector -fno-pic -mno-red-zone -Wall -Wextra -Werror -Iinclude -Ikernel/arch/x86_64/include -Imcsos -I. -I. -c kernel/sync/mutex.c    -o build/m9/mutex.o
clang -target x86_64-unknown-none-elf -std=c17 -ffreestanding -fno-stack-protector -fno-pic -mno-red-zone -Wall -Wextra -Werror -Iinclude -Ikernel/arch/x86_64/include -Imcsos -I. -I. -c kernel/sync/selftest.c -o build/m9/selftest.o
ld.lld -T linker.ld --no-dynamic-linker build/m9/boot.o build/m9/idt_src.o build/m9/isr.o build/m9/stubs.o build/m9/trap_src.o build/m9/idt_kern.o build/m9/trap_kern.o build/m9/kmain.o build/m9/mcsos_thread.o build/m9/context_switch.o build/m9/isr_kern.o build/m9/lockdep.o build/m9/spinlock.o build/m9/mutex.o build/m9/selftest.o -o build/m9/kernel_m9.elf
echo "Kernel ELF built: build/m9/kernel_m9.elf"
Kernel ELF built: build/m9/kernel_m9.elf
clang -target x86_64-unknown-none-elf -ffreestanding -fno-stack-protector -fno-pic -mno-red-zone -c src/kernel/arch/x86_64/boot.s -o build/m9/boot.o
clang: warning: argument unused during compilation: '-ffreestanding' [-Wunused-command-line-argument]
clang: warning: argument unused during compilation: '-fno-stack-protector' [-Wunused-command-line-argument]
clang: warning: argument unused during compilation: '-mno-red-zone' [-Wunused-command-line-argument]
clang -target x86_64-unknown-none-elf -std=c17 -ffreestanding -fno-stack-protector -fno-pic -mno-red-zone -Wall -Wextra -Werror -Iinclude -Ikernel/arch/x86_64/include -Imcsos -I. -c src/kernel/arch/x86_64/idt.c   -o build/m9/idt_src.o
clang -target x86_64-unknown-none-elf -ffreestanding -fno-stack-protector -fno-pic -mno-red-zone -c src/kernel/arch/x86_64/isr.s -o build/m9/isr.o
clang: warning: argument unused during compilation: '-ffreestanding' [-Wunused-command-line-argument]
clang: warning: argument unused during compilation: '-fno-stack-protector' [-Wunused-command-line-argument]
clang: warning: argument unused during compilation: '-mno-red-zone' [-Wunused-command-line-argument]
clang -target x86_64-unknown-none-elf -std=c17 -ffreestanding -fno-stack-protector -fno-pic -mno-red-zone -Wall -Wextra -Werror -Iinclude -Ikernel/arch/x86_64/include -Imcsos -I. -c src/kernel/arch/x86_64/stubs.c -o build/m9/stubs.o
clang -target x86_64-unknown-none-elf -std=c17 -ffreestanding -fno-stack-protector -fno-pic -mno-red-zone -Wall -Wextra -Werror -Iinclude -Ikernel/arch/x86_64/include -Imcsos -I. -c src/kernel/arch/x86_64/trap.c  -o build/m9/trap_src.o
clang -target x86_64-unknown-none-elf -std=c17 -ffreestanding -fno-stack-protector -fno-pic -mno-red-zone -Wall -Wextra -Werror -Iinclude -Ikernel/arch/x86_64/include -Imcsos -I. -c kernel/arch/x86_64/idt.c       -o build/m9/idt_kern.o
clang -target x86_64-unknown-none-elf -std=c17 -ffreestanding -fno-stack-protector -fno-pic -mno-red-zone -Wall -Wextra -Werror -Iinclude -Ikernel/arch/x86_64/include -Imcsos -I. -c kernel/core/trap.c             -o build/m9/trap_kern.o
clang -target x86_64-unknown-none-elf -std=c17 -ffreestanding -fno-stack-protector -fno-pic -mno-red-zone -Wall -Wextra -Werror -Iinclude -Ikernel/arch/x86_64/include -Imcsos -I. -DMCSOS_HOST_TEST -c kernel/kmain.c -o build/m9/kmain.o
clang -target x86_64-unknown-none-elf -std=c17 -ffreestanding -fno-stack-protector -fno-pic -mno-red-zone -Wall -Wextra -Werror -Iinclude -Ikernel/arch/x86_64/include -Imcsos -I. -DMCSOS_HOST_TEST -c kernel/mcsos_thread.c -o build/m9/mcsos_thread.o
clang -target x86_64-unknown-none-elf -ffreestanding -fno-stack-protector -fno-pic -mno-red-zone -c arch/x86_64/context_switch.S -o build/m9/context_switch.o
clang -target x86_64-unknown-none-elf -ffreestanding -fno-stack-protector -fno-pic -mno-red-zone -c kernel/arch/x86_64/isr.S -o build/m9/isr_kern.o
clang -target x86_64-unknown-none-elf -std=c17 -ffreestanding -fno-stack-protector -fno-pic -mno-red-zone -Wall -Wextra -Werror -Iinclude -Ikernel/arch/x86_64/include -Imcsos -I. -I. -c kernel/sync/lockdep.c  -o build/m9/lockdep.o
clang -target x86_64-unknown-none-elf -std=c17 -ffreestanding -fno-stack-protector -fno-pic -mno-red-zone -Wall -Wextra -Werror -Iinclude -Ikernel/arch/x86_64/include -Imcsos -I. -I. -c kernel/sync/spinlock.c -o build/m9/spinlock.o
clang -target x86_64-unknown-none-elf -std=c17 -ffreestanding -fno-stack-protector -fno-pic -mno-red-zone -Wall -Wextra -Werror -Iinclude -Ikernel/arch/x86_64/include -Imcsos -I. -I. -c kernel/sync/mutex.c    -o build/m9/mutex.o
clang -target x86_64-unknown-none-elf -std=c17 -ffreestanding -fno-stack-protector -fno-pic -mno-red-zone -Wall -Wextra -Werror -Iinclude -Ikernel/arch/x86_64/include -Imcsos -I. -I. -c kernel/sync/selftest.c -o build/m9/selftest.o
ld.lld -T linker.ld --no-dynamic-linker build/m9/boot.o build/m9/idt_src.o build/m9/isr.o build/m9/stubs.o build/m9/trap_src.o build/m9/idt_kern.o build/m9/trap_kern.o build/m9/kmain.o build/m9/mcsos_thread.o build/m9/context_switch.o build/m9/isr_kern.o build/m9/lockdep.o build/m9/spinlock.o build/m9/mutex.o build/m9/selftest.o -o build/m9/kernel_m9.elf
echo "Kernel ELF built: build/m9/kernel_m9.elf"
Kernel ELF built: build/m9/kernel_m9.elf
mkdir -p build/m9/iso/boot/grub
cp build/m9/kernel_m9.elf build/m9/iso/boot/kernel_m9.elf
printf 'set timeout=0\nset default=0\nmenuentry "MCSOS M9" {\n  multiboot2 /boot/kernel_m9.elf\n  boot\n}\n' > build/m9/iso/boot/grub/grub.cfg
grub-mkrescue -o build/m9/kernel_m9.iso build/m9/iso 2>&1
xorriso 1.5.6 : RockRidge filesystem manipulator, libburnia project.

Drive current: -outdev 'stdio:build/m9/kernel_m9.iso'
Media current: stdio file, overwriteable
Media status : is blank
Media summary: 0 sessions, 0 data blocks, 0 data,  952g free
Added to ISO image: directory '/'='/tmp/grub.rwHZQB'
xorriso : UPDATE :     588 files added in 1 seconds
Added to ISO image: directory '/'='/home/user/mcsos/build/m9/iso'
xorriso : UPDATE :     592 files added in 1 seconds
xorriso : NOTE : Copying to System Area: 512 bytes from file '/usr/lib/grub/i386-pc/boot_hybrid.img'
ISO image produced: 5813 sectors
Written to medium : 5813 sectors at LBA 0
Writing to 'stdio:build/m9/kernel_m9.iso' completed successfully.

echo "ISO built: build/m9/kernel_m9.iso"
ISO built: build/m9/kernel_m9.iso
