OK_CMD: clang=Ubuntu clang version 18.1.3 (1ubuntu1)
OK_CMD: ld=GNU ld (GNU Binutils for Ubuntu) 2.42
OK_CMD: nm=GNU nm (GNU Binutils for Ubuntu) 2.42
OK_CMD: readelf=GNU readelf (GNU Binutils for Ubuntu) 2.42
OK_CMD: objdump=GNU objdump (GNU Binutils for Ubuntu) 2.42
OK_CMD: sha256sum=sha256sum (GNU coreutils) 9.4
OK_CMD: make=GNU Make 4.3
OK_CMD: qemu-system-x86_64=QEMU emulator version 8.2.2 (Debian 1:8.2.2+ds-0ubuntu1.17)
OK_DIR: include
OK_DIR: kernel
OK_DIR: tests
OK_DIR: scripts
WARN_DOC_NOT_FOUND_IN_REPO: OS_panduan_M0.md
WARN_DOC_NOT_FOUND_IN_REPO: OS_panduan_M1.md
WARN_DOC_NOT_FOUND_IN_REPO: OS_panduan_M2.md
WARN_DOC_NOT_FOUND_IN_REPO: OS_panduan_M3.md
WARN_DOC_NOT_FOUND_IN_REPO: OS_panduan_M4.md
WARN_DOC_NOT_FOUND_IN_REPO: OS_panduan_M5.md
WARN_DOC_NOT_FOUND_IN_REPO: OS_panduan_M6.md
WARN_DOC_NOT_FOUND_IN_REPO: OS_panduan_M7.md
WARN_DOC_NOT_FOUND_IN_REPO: OS_panduan_M8.md
WARN_DOC_NOT_FOUND_IN_REPO: OS_panduan_M9.md
WARN_DOC_NOT_FOUND_IN_REPO: OS_panduan_M10.md
WARN_DOC_NOT_FOUND_IN_REPO: OS_panduan_M11.md
WARN_DOC_NOT_FOUND_IN_REPO: OS_panduan_M12.md
WARN_DOC_NOT_FOUND_IN_REPO: OS_panduan_M13.md
WARN: working tree tidak bersih; commit atau stash perubahan sebelum final grading
M14_PREFLIGHT_DONE
