[M11] Preflight lingkungan dan artefak M0-M10
[OK] git -> /usr/bin/git
[OK] make -> /usr/bin/make
[OK] clang -> /usr/bin/clang
[OK] nm -> /usr/bin/nm
[OK] readelf -> /usr/bin/readelf
[OK] objdump -> /usr/bin/objdump
[OK] sha256sum -> /usr/bin/sha256sum
Ubuntu clang version 18.1.3 (1ubuntu1)
Target: x86_64-pc-linux-gnu
Thread model: posix
GNU Make 4.3
[OK] direktori kernel tersedia
[OK] direktori arch tersedia
[OK] direktori include tersedia
[OK] direktori scripts tersedia
[OK] direktori tests tersedia
[WARN] marker belum ditemukan: kernel_main
[OK] marker ditemukan: panic
[OK] marker ditemukan: idt
[WARN] marker belum ditemukan: pmm
[WARN] marker belum ditemukan: vmm
[WARN] marker belum ditemukan: kmalloc
[WARN] marker belum ditemukan: sched
[OK] marker ditemukan: syscall
[OK] commit: 291fa8d
?? scripts/
